               1 2000  1  1  0  0  0.000 L 1.000 X  39.36384 -123.25179   6.702 X  -9.000   1.000   1.000  -9.000    -18   -9   -9  318  78 -169   22 32   2995  3 B  78 40   3936  38  
               2 2000  1  1  0  0  0.000 L 1.000 X  39.36446 -123.25130   6.974 X  -9.000   1.000   1.000  -9.000    -18   -9   -9  352  90  152   18 38   4168  1 B  69 42   6288  35  
               3 2000  1  1  0  0  0.000 L 1.000 X  39.36486 -123.25282   6.872 X  -9.000   1.000   1.000  -9.000    -18   -9   -9  340  75  170   22 35   1870  6 B  73 42   2723  40  
               4 2000  1  1  0  0  0.000 L 1.000 X  39.36338 -123.25438   6.889 X  -9.000   1.000   1.000  -9.000    -18   -9   -9  347  82  153   22 37    973  0 B  69 41   1267  32  
               5 2000  1  1  0  0  0.000 L 1.000 X  39.36237 -123.25304   6.910 X  -9.000   1.000   1.000  -9.000    -18   -9   -9  360  81  171   17 31   1702  2 B  82 41   2875  35  
               6 2000  1  1  0  0  0.000 L 1.000 X  39.36282 -123.25318   6.603 X  -9.000   1.000   1.000  -9.000    -18   -9   -9  313  85  173   21 30   1291  5 B  81 42   2103  34  
               7 2000  1  1  0  0  0.000 L 1.000 X  39.36459 -123.25328   7.001 X  -9.000   1.000   1.000  -9.000    -18   -9   -9  331  67  169   23 32    671  2 B  76 44    969  38  
               8 2000  1  1  0  0  0.000 L 1.000 X  39.36593 -123.25203   6.427 X  -9.000   1.000   1.000  -9.000    -18   -9   -9  299  81  170   28 30    919  0 B  71 42   1464  36  
               9 2000  1  1  0  0  0.000 L 1.000 X  39.36548 -123.25062   7.089 X  -9.000   1.000   1.000  -9.000    -18   -9   -9  315  77  166   26 27    971  3 B  79 48   1700  36  
              10 2000  1  1  0  0  0.000 L 1.000 X  39.36282 -123.25200   6.643 X  -9.000   1.000   1.000  -9.000    -18   -9   -9  304  87 -167   30 30    818  7 B  70 40   1298  41  
              11 2000  1  1  0  0  0.000 L 1.000 X  39.36409 -123.25346   6.799 X  -9.000   1.000   1.000  -9.000    -18   -9   -9  318  74  161   20 26    812  3 B  88 42   1230  38  
              12 2000  1  1  0  0  0.000 L 1.000 X  39.36563 -123.25283   6.909 X  -9.000   1.000   1.000  -9.000    -18   -9   -9  316  68  162   25 32    548  1 B  78 44    735  35  
              13 2000  1  1  0  0  0.000 L 1.000 X  39.36393 -123.25378   6.694 X  -9.000   1.000   1.000  -9.000    -18   -9   -9  317  73 -175   25 34    411  1 C  68 36    552  33  
              14 2000  1  1  0  0  0.000 L 1.000 X  39.36598 -123.25526   6.715 X  -9.000   1.000   1.000  -9.000    -18   -9   -9  320  64  168   18 25    623  5 B  91 43    960  38  
              15 2000  1  1  0  0  0.000 L 1.000 X  39.36644 -123.25085   7.144 X  -9.000   1.000   1.000  -9.000    -18   -9   -9  306  77  164   26 32    687  1 B  74 46   1165  36  
              16 2000  1  1  0  0  0.000 L 1.000 X  39.36349 -123.25382   6.663 X  -9.000   1.000   1.000  -9.000    -18   -9   -9  319  83  164   23 27    446  2 B  85 41    631  42  
              17 2000  1  1  0  0  0.000 L 1.000 X  39.36769 -123.25311   7.082 X  -9.000   1.000   1.000  -9.000    -18   -9   -9  316  65 -180   25 31    522  3 B  76 44    814  30  
              18 2000  1  1  0  0  0.000 L 1.000 X  39.36373 -123.25385   6.703 X  -9.000   1.000   1.000  -9.000    -18   -9   -9  309  76  180   26 31    573  3 B  72 43    985  34  
              19 2000  1  1  0  0  0.000 L 1.000 X  39.36408 -123.25100   7.141 X  -9.000   1.000   1.000  -9.000    -18   -9   -9  341  75  148   23 36    503  7 B  65 46    865  35  
              20 2000  1  1  0  0  0.000 L 1.000 X  39.36557 -123.25475   6.705 X  -9.000   1.000   1.000  -9.000    -18   -9   -9  321  51  167   20 32    289  3 B  80 42    385  39  
              21 2000  1  1  0  0  0.000 L 1.000 X  39.36428 -123.25311   6.945 X  -9.000   1.000   1.000  -9.000    -18   -9   -9  332  73  160   23 37    321  1 B  61 46    468  44  
              22 2000  1  1  0  0  0.000 L 1.000 X  39.36948 -123.25514   6.919 X  -9.000   1.000   1.000  -9.000    -18   -9   -9  312  62  173   30 36    326  1 B  63 47    510  30  
              23 2000  1  1  0  0  0.000 L 1.000 X  39.36380 -123.25305   6.829 X  -9.000   1.000   1.000  -9.000    -18   -9   -9  316  71  163   23 30    254  2 B  84 43    365  37  
              24 2000  1  1  0  0  0.000 L 1.000 X  39.36555 -123.25417   6.702 X  -9.000   1.000   1.000  -9.000    -18   -9   -9  315  77  174   26 31    264  6 B  75 42    390  44  
              25 2000  1  1  0  0  0.000 L 1.000 X  39.36594 -123.25031   7.234 X  -9.000   1.000   1.000  -9.000    -18   -9   -9  342  72  146   26 34    466  8 B  68 46    845  42  
              26 2000  1  1  0  0  0.000 L 1.000 X  39.36424 -123.25191   6.865 X  -9.000   1.000   1.000  -9.000    -18   -9   -9  316  68  174   26 35    213  4 B  65 46    299  35  
              27 2000  1  1  0  0  0.000 L 1.000 X  39.36232 -123.25333   6.719 X  -9.000   1.000   1.000  -9.000    -18   -9   -9  139  87 -163   26 32    178  8 B  65 40    226  29  
              28 2000  1  1  0  0  0.000 L 1.000 X  39.36278 -123.25427   6.714 X  -9.000   1.000   1.000  -9.000    -18   -9   -9  306  87 -178   30 30    330  1 C  66 40    563  48  
              29 2000  1  1  0  0  0.000 L 1.000 X  39.36253 -123.25298   6.652 X  -9.000   1.000   1.000  -9.000    -18   -9   -9  320  67  168   25 28    287  2 B  79 47    467  37  
              30 2000  1  1  0  0  0.000 L 1.000 X  39.36312 -123.25398   6.791 X  -9.000   1.000   1.000  -9.000    -18   -9   -9  307  71  179   32 30    265  4 B  63 42    451  41  
              31 2000  1  1  0  0  0.000 L 1.000 X  39.36576 -123.25464   7.066 X  -9.000   1.000   1.000  -9.000    -18   -9   -9  323  66  164   18 29    260  4 C  91 41    414  50  
              32 2000  1  1  0  0  0.000 L 1.000 X  39.36341 -123.25389   6.784 X  -9.000   1.000   1.000  -9.000    -18   -9   -9  323  73  168   26 33    136  0 B  73 43    187  44  
              33 2000  1  1  0  0  0.000 L 1.000 X  39.36229 -123.25303   6.752 X  -9.000   1.000   1.000  -9.000    -18   -9   -9  152  69 -147   30 25    252  3 B  80 41    433  32  
              34 2000  1  1  0  0  0.000 L 1.000 X  39.36179 -123.25533   6.554 X  -9.000   1.000   1.000  -9.000    -18   -9   -9  133  79 -170   33 34    137  2 C  56 37    211  30  
              35 2000  1  1  0  0  0.000 L 1.000 X  39.36301 -123.25500   6.626 X  -9.000   1.000   1.000  -9.000    -18   -9   -9  317  57  154   25 34    174  3 B  79 45    262  40  
              36 2000  1  1  0  0  0.000 L 1.000 X  39.36234 -123.25364   6.153 X  -9.000   1.000   1.000  -9.000    -18   -9   -9  133  88 -164   25 25    234  3 B  84 47    405  33  
              37 2000  1  1  0  0  0.000 L 1.000 X  39.36364 -123.25439   6.515 X  -9.000   1.000   1.000  -9.000    -18   -9   -9  318  66  178   30 31    127  0 B  67 44    199  31  
              38 2000  1  1  0  0  0.000 L 1.000 X  39.36300 -123.25491   6.543 X  -9.000   1.000   1.000  -9.000    -18   -9   -9  163  68 -165   29 34    121  1 B  64 43    205  36  
              39 2000  1  1  0  0  0.000 L 1.000 X  39.36329 -123.25259   6.947 X  -9.000   1.000   1.000  -9.000    -18   -9   -9  152  80 -153   29 39    113  3 C  52 43    173  49  
              40 2000  1  1  0  0  0.000 L 1.000 X  39.36266 -123.25356   6.407 X  -9.000   1.000   1.000  -9.000    -18   -9   -9  313  90  168   24 31    155  3 B  77 43    278  36  
              41 2000  1  1  0  0  0.000 L 1.000 X  39.36431 -123.25484   6.528 X  -9.000   1.000   1.000  -9.000    -18   -9   -9  154  75 -151   31 37     90  0 B  61 41    146  42  
              42 2000  1  1  0  0  0.000 L 1.000 X  39.36827 -123.25290   6.573 X  -9.000   1.000   1.000  -9.000    -18   -9   -9  319  58 -176   29 36     65  3 B  69 43     95  33  
              43 2000  1  1  0  0  0.000 L 1.000 X  39.35975 -123.25413   6.730 X  -9.000   1.000   1.000  -9.000    -18   -9   -9  157  79 -154   29 40     92  3 C  56 45    154  39  
              44 2000  1  1  0  0  0.000 L 1.000 X  39.36353 -123.25327   7.008 X  -9.000   1.000   1.000  -9.000    -18   -9   -9  331  79  177   28 35     57  1 C  62 42     95  59  
              45 2000  1  1  0  0  0.000 L 1.000 X  39.36085 -123.25309   6.494 X  -9.000   1.000   1.000  -9.000    -18   -9   -9  316  63  158   32 40     37  0 C  57 44     51  27  
              46 2000  1  1  0  0  0.000 L 1.000 X  39.36171 -123.25327   6.603 X  -9.000   1.000   1.000  -9.000    -18   -9   -9  334  66 -148   39 48     20  0 D  44 36     23  32  
              47 2000  1  1  0  0  0.000 L 1.000 X  39.36634 -123.25327   6.346 X  -9.000   1.000   1.000  -9.000    -18   -9   -9  146  79  151   34 48     24  2 D  34 43     42  47  
              48 2000  1  1  0  0  0.000 L 1.000 X  39.35978 -123.25098   6.711 X  -9.000   1.000   1.000  -9.000    -18   -9   -9  158  85 -140   35 47     26  1 D  49 48     49  38  
              49 2000  1  1  0  0  0.000 L 1.000 X  39.36583 -123.25401   6.429 X  -9.000   1.000   1.000  -9.000    -18   -9   -9  157  56 -147   45 46     31  3 D  38 40     58  29  
              50 2000  1  1  0  0  0.000 L 1.000 X  39.36524 -123.25703   6.164 X  -9.000   1.000   1.000  -9.000    -18   -9   -9  159  82 -172   33 36     31  0 C  54 43     52  37  
